<?xml version="1.0" encoding="UTF-8"?>
<!-- Generated by org.testng.reporters.JUnitReportReporter -->
<testsuite hostname="0937-VSMSDN14" failures="0" tests="1" name="deepfreeze.temp" time="60.597" errors="0" timestamp="2025-07-31T13:54:12 IST" skipped="0">
  <testcase classname="deepfreeze.temp" name="test" time="60.597"/>
</testsuite> <!-- deepfreeze.temp -->
