<?xml version="1.0" encoding="UTF-8"?>
<!-- Generated by org.testng.reporters.JUnitReportReporter -->
<testsuite hostname="0937-VSMSDN14" failures="0" tests="1" name="deepfreeze.test" time="12.738" errors="0" timestamp="2025-08-20T13:06:32 IST" skipped="0">
  <testcase classname="deepfreeze.test" name="testMain" time="12.738"/>
</testsuite> <!-- deepfreeze.test -->
