<?xml version="1.0" encoding="UTF-8"?>
<!-- Generated by org.testng.reporters.JUnitReportReporter -->
<testsuite hostname="0937-VSMSDN14" failures="0" tests="2" name="deepfreeze.user_management_saml" time="25.349" errors="0" timestamp="2025-08-05T20:03:56 IST" skipped="0">
  <testcase classname="deepfreeze.user_management_saml" name="onelogin_signin" time="4.985"/>
  <testcase classname="deepfreeze.user_management_saml" name="onelogin_appCreate" time="20.364"/>
</testsuite> <!-- deepfreeze.user_management_saml -->
