<?xml version="1.0" encoding="UTF-8"?>
<!-- Generated by org.testng.reporters.JUnitReportReporter -->
<testsuite hostname="0937-VSMSDN14" failures="0" tests="1" name="deepfreeze.user_management_saml" time="96.059" errors="0" timestamp="2025-08-07T19:26:33 IST" skipped="0">
  <testcase classname="deepfreeze.user_management_saml" name="saml" time="96.059"/>
</testsuite> <!-- deepfreeze.user_management_saml -->
