<?xml version="1.0" encoding="UTF-8"?>
<!-- Generated by org.testng.reporters.JUnitReportReporter -->
<testsuite hostname="0937-VSMSDN14" failures="0" tests="1" name="deepfreeze.onelogin" time="98.210" errors="0" timestamp="2025-08-04T19:56:46 IST" skipped="0">
  <testcase classname="deepfreeze.onelogin" name="tempmail" time="98.210"/>
</testsuite> <!-- deepfreeze.onelogin -->
