<?xml version="1.0" encoding="UTF-8"?>
<!-- Generated by org.testng.reporters.JUnitReportReporter -->
<testsuite hostname="0937-VSMSDN14" failures="0" tests="1" name="deepfreeze.df_login" time="0.058" errors="0" timestamp="2025-09-04T18:39:47 IST" skipped="0">
  <testcase classname="deepfreeze.df_login" name="verifyLogin" time="0.058"/>
</testsuite> <!-- deepfreeze.df_login -->
