<?xml version="1.0" encoding="UTF-8"?>
<!-- Generated by org.testng.reporters.JUnitReportReporter -->
<testsuite hostname="0937-VSMSDN14" failures="0" tests="2" name="deepfreeze.user_management_saml" time="61.189" errors="0" timestamp="2025-08-06T19:52:58 IST" skipped="0">
  <testcase classname="deepfreeze.user_management_saml" name="onelogin_signin" time="5.907"/>
  <testcase classname="deepfreeze.user_management_saml" name="onelogin_appCreate" time="55.282"/>
</testsuite> <!-- deepfreeze.user_management_saml -->
